0 info it worked if it ends with ok
1 verbose cli [ '/home/suyash/.nvm/versions/node/v6.10.3/bin/node',
1 verbose cli   '/home/suyash/.nvm/versions/node/v6.10.3/bin/npm',
1 verbose cli   'publish' ]
2 info using npm@3.10.10
3 info using node@v6.10.3
4 verbose publish [ '.' ]
5 silly cache add args [ '.', null ]
6 verbose cache add spec .
7 silly cache add parsed spec Result {
7 silly cache add   raw: '.',
7 silly cache add   scope: null,
7 silly cache add   escapedName: null,
7 silly cache add   name: null,
7 silly cache add   rawSpec: '.',
7 silly cache add   spec: '/var/www/html/applications/git/validatorservice-npm',
7 silly cache add   type: 'directory' }
8 verbose addLocalDirectory /home/suyash/.npm/validatorservice/0.1.0/package.tgz not in flight; packing
9 verbose correctMkdir /home/suyash/.npm correctMkdir not in flight; initializing
10 info lifecycle validatorservice@0.1.0~prepublish: validatorservice@0.1.0
11 silly lifecycle validatorservice@0.1.0~prepublish: no script for prepublish, continuing
12 verbose tar pack [ '/home/suyash/.npm/validatorservice/0.1.0/package.tgz',
12 verbose tar pack   '/var/www/html/applications/git/validatorservice-npm' ]
13 verbose tarball /home/suyash/.npm/validatorservice/0.1.0/package.tgz
14 verbose folder /var/www/html/applications/git/validatorservice-npm
15 verbose addLocalTarball adding from inside cache /home/suyash/.npm/validatorservice/0.1.0/package.tgz
16 verbose correctMkdir /home/suyash/.npm correctMkdir not in flight; initializing
17 silly cache afterAdd validatorservice@0.1.0
18 verbose afterAdd /home/suyash/.npm/validatorservice/0.1.0/package/package.json not in flight; writing
19 verbose correctMkdir /home/suyash/.npm correctMkdir not in flight; initializing
20 verbose afterAdd /home/suyash/.npm/validatorservice/0.1.0/package/package.json written
21 silly publish { name: 'validatorservice',
21 silly publish   version: '0.1.0',
21 silly publish   description: 'Validator service to allow easy validation of required, max length fields, email, etc.',
21 silly publish   main: 'index.js',
21 silly publish   scripts: { test: 'echo "Error: no test specified" && exit 1' },
21 silly publish   repository:
21 silly publish    { type: 'git',
21 silly publish      url: 'git+ssh://git@bitbucket.org/suyash_sumaroo/validatorservice-npm.git' },
21 silly publish   keywords: [ 'validation' ],
21 silly publish   author:
21 silly publish    { name: 'Sumaroo Suyash Kumar',
21 silly publish      email: 'suyash@codevigor.com',
21 silly publish      url: 'http://www.codevigor.com' },
21 silly publish   license: 'ISC',
21 silly publish   homepage: 'https://bitbucket.org/suyash_sumaroo/validatorservice-npm#readme',
21 silly publish   dependencies: { 'email-validator': '^1.1.1' },
21 silly publish   readme: 'Validator Service\n=========\n\nA simple validator library to validate fields, max lengths, min lengths, emails, etc.\n\n## Installation\n\n  `npm install validatorservice`\n\n## Usage\n\n    var validatorservice = require(\'validatorservice\');\n\n    var validationElements = [{\n        type: validatorservice.constants.type.string,\n        maxLength: App.attributes.name.maxLength,\n        value: "Suyash Sumaroo",\n        name: "Name",\n        required: true\n    }, {\n        type: validatorservice.constants.type.enum,\n        value: "no",\n        name: "Security",\n        required: true,\n        in: ["yes", "no"]\n    }];\n\n    var error = validatorservice.validate(validationElements);',
21 silly publish   readmeFilename: 'README.md',
21 silly publish   gitHead: '5b46648ba668185105fed9756f679045599dfdab',
21 silly publish   _id: 'validatorservice@0.1.0',
21 silly publish   _shasum: '07cadf5d2fc06b38c454dc95837dd7ede343dac6',
21 silly publish   _from: '.' }
22 verbose getPublishConfig undefined
23 silly mapToRegistry name validatorservice
24 silly mapToRegistry using default registry
25 silly mapToRegistry registry https://registry.npmjs.org/
26 silly mapToRegistry data Result {
26 silly mapToRegistry   raw: 'validatorservice',
26 silly mapToRegistry   scope: null,
26 silly mapToRegistry   escapedName: 'validatorservice',
26 silly mapToRegistry   name: 'validatorservice',
26 silly mapToRegistry   rawSpec: '',
26 silly mapToRegistry   spec: 'latest',
26 silly mapToRegistry   type: 'tag' }
27 silly mapToRegistry uri https://registry.npmjs.org/validatorservice
28 verbose publish registryBase https://registry.npmjs.org/
29 silly publish uploading /home/suyash/.npm/validatorservice/0.1.0/package.tgz
30 verbose request uri https://registry.npmjs.org/validatorservice
31 verbose request sending authorization for write operation
32 info attempt registry request try #1 at 8:37:03 PM
33 verbose request using bearer token for auth
34 verbose request id adfa83a6821147f0
35 http request PUT https://registry.npmjs.org/validatorservice
36 http 403 https://registry.npmjs.org/validatorservice
37 verbose headers { 'content-type': 'application/json',
37 verbose headers   'cache-control': 'max-age=300',
37 verbose headers   'content-length': '179',
37 verbose headers   'accept-ranges': 'bytes',
37 verbose headers   date: 'Thu, 08 Feb 2018 10:16:00 GMT',
37 verbose headers   via: '1.1 varnish',
37 verbose headers   connection: 'keep-alive',
37 verbose headers   'x-served-by': 'cache-jnb7522-JNB',
37 verbose headers   'x-cache': 'MISS',
37 verbose headers   'x-cache-hits': '0',
37 verbose headers   'x-timer': 'S1518084959.312437,VS0,VE1466',
37 verbose headers   vary: 'Accept-Encoding, Accept' }
38 verbose request invalidating /home/suyash/.npm/registry.npmjs.org/validatorservice on PUT
39 error publish Failed PUT 403
40 verbose stack Error: Package name too similar to existing packages; try renaming your package to '@suyashsumaroo/validatorservice' and publishing with 'npm publish --access=public' instead : validatorservice
40 verbose stack     at makeError (/home/suyash/.nvm/versions/node/v6.10.3/lib/node_modules/npm/node_modules/npm-registry-client/lib/request.js:302:12)
40 verbose stack     at CachingRegistryClient.<anonymous> (/home/suyash/.nvm/versions/node/v6.10.3/lib/node_modules/npm/node_modules/npm-registry-client/lib/request.js:290:14)
40 verbose stack     at Request._callback (/home/suyash/.nvm/versions/node/v6.10.3/lib/node_modules/npm/node_modules/npm-registry-client/lib/request.js:210:14)
40 verbose stack     at Request.self.callback (/home/suyash/.nvm/versions/node/v6.10.3/lib/node_modules/npm/node_modules/request/request.js:187:22)
40 verbose stack     at emitTwo (events.js:106:13)
40 verbose stack     at Request.emit (events.js:191:7)
40 verbose stack     at Request.<anonymous> (/home/suyash/.nvm/versions/node/v6.10.3/lib/node_modules/npm/node_modules/request/request.js:1048:10)
40 verbose stack     at emitOne (events.js:96:13)
40 verbose stack     at Request.emit (events.js:188:7)
40 verbose stack     at IncomingMessage.<anonymous> (/home/suyash/.nvm/versions/node/v6.10.3/lib/node_modules/npm/node_modules/request/request.js:969:12)
41 verbose statusCode 403
42 verbose pkgid validatorservice
43 verbose cwd /var/www/html/applications/git/validatorservice-npm
44 error Linux 4.4.0-112-generic
45 error argv "/home/suyash/.nvm/versions/node/v6.10.3/bin/node" "/home/suyash/.nvm/versions/node/v6.10.3/bin/npm" "publish"
46 error node v6.10.3
47 error npm  v3.10.10
48 error code E403
49 error Package name too similar to existing packages; try renaming your package to '@suyashsumaroo/validatorservice' and publishing with 'npm publish --access=public' instead : validatorservice
50 error If you need help, you may report this error at:
50 error     <https://github.com/npm/npm/issues>
51 verbose exit [ 1, true ]
